<?xml version="1.0" encoding="UTF-8"?>
<!-- Generated by org.testng.reporters.JUnitXMLReporter -->
<testsuite ignored="0" hostname="ATMECSINDT-080" failures="1" tests="2" name="Test" time="57.669" errors="0" timestamp="2019-09-12T11:17:55 IST">
  <testcase classname="com.atmecs.practo.testscripts.AddToCart" name="diagnostics" time="40.743">
    <failure type="java.lang.NullPointerException">
      <![CDATA[java.lang.NullPointerException
at com.atmecs.practo.testscripts.ValidationOfPracto.nameEqualLipase(ValidationOfPracto.java:25)
at com.atmecs.practo.testscripts.AddToCart.diagnostics(AddToCart.java:86)
at java.base/java.util.ArrayList.forEach(ArrayList.java:1540)
... Removed 31 stack frames]]>
    </failure>
  </testcase> <!-- diagnostics -->
  <testcase classname="com.atmecs.practo.testscripts.RemoveFromCart" name="yourcart" time="3.101"/>
</testsuite> <!-- Test -->
